# JRE version: Java(TM) SE Runtime Environment (8.0_92-b14) (build 1.8.0_92-b14)
# Java VM: Java HotSpot(TM) Client VM (25.92-b14 mixed mode windows-x86 )
Heap:
 def new generation   total 9344K, used 4696K [0x05000000, 0x05a20000, 0x0a550000)
  eden space 8320K,  48% used [0x05000000, 0x053f7fc8, 0x05820000)
  from space 1024K,  61% used [0x05820000, 0x058be288, 0x05920000)
  to   space 1024K,   0% used [0x05920000, 0x05920000, 0x05a20000)
 tenured generation   total 20652K, used 17444K [0x0a550000, 0x0b97b000, 0x15000000)
   the space 20652K,  84% used [0x0a550000, 0x0b659048, 0x0b659200, 0x0b97b000)
 Metaspace       used 19043K, capacity 19270K, committed 19328K, reserved 19840K
GC Heap History (10 events):
Event: 5.792 GC heap before
{Heap before GC invocations=60 (full 2):
 def new generation   total 9344K, used 8906K [0x05000000, 0x05a20000, 0x0a550000)
  eden space 8320K, 100% used [0x05000000, 0x05820000, 0x05820000)
  from space 1024K,  57% used [0x05920000, 0x059b2898, 0x05a20000)
  to   space 1024K,   0% used [0x05820000, 0x05820000, 0x05920000)
 tenured generation   total 20652K, used 16265K [0x0a550000, 0x0b97b000, 0x15000000)
   the space 20652K,  78% used [0x0a550000, 0x0b532480, 0x0b532600, 0x0b97b000)
 Metaspace       used 18297K, capacity 18494K, committed 18560K, reserved 18816K
Event: 5.796 GC heap after
Heap after GC invocations=61 (full 2):
 def new generation   total 9344K, used 436K [0x05000000, 0x05a20000, 0x0a550000)
  eden space 8320K,   0% used [0x05000000, 0x05000000, 0x05820000)
  from space 1024K,  42% used [0x05820000, 0x0588d150, 0x05920000)
  to   space 1024K,   0% used [0x05920000, 0x05920000, 0x05a20000)
 tenured generation   total 20652K, used 16471K [0x0a550000, 0x0b97b000, 0x15000000)
   the space 20652K,  79% used [0x0a550000, 0x0b565ce0, 0x0b565e00, 0x0b97b000)
 Metaspace       used 18297K, capacity 18494K, committed 18560K, reserved 18816K
}
Event: 5.887 GC heap before
{Heap before GC invocations=61 (full 2):
 def new generation   total 9344K, used 8756K [0x05000000, 0x05a20000, 0x0a550000)
  eden space 8320K, 100% used [0x05000000, 0x05820000, 0x05820000)
  from space 1024K,  42% used [0x05820000, 0x0588d150, 0x05920000)
  to   space 1024K,   0% used [0x05920000, 0x05920000, 0x05a20000)
 tenured generation   total 20652K, used 16471K [0x0a550000, 0x0b97b000, 0x15000000)
   the space 20652K,  79% used [0x0a550000, 0x0b565ce0, 0x0b565e00, 0x0b97b000)
 Metaspace       used 18372K, capacity 18558K, committed 18688K, reserved 18816K
Event: 5.891 GC heap after
Heap after GC invocations=62 (full 2):
 def new generation   total 9344K, used 711K [0x05000000, 0x05a20000, 0x0a550000)
  eden space 8320K,   0% used [0x05000000, 0x05000000, 0x05820000)
  from space 1024K,  69% used [0x05920000, 0x059d1e98, 0x05a20000)
  to   space 1024K,   0% used [0x05820000, 0x05820000, 0x05920000)
 tenured generation   total 20652K, used 16471K [0x0a550000, 0x0b97b000, 0x15000000)
   the space 20652K,  79% used [0x0a550000, 0x0b565ce0, 0x0b565e00, 0x0b97b000)
 Metaspace       used 18372K, capacity 18558K, committed 18688K, reserved 18816K
}
Event: 5.990 GC heap before
{Heap before GC invocations=62 (full 2):
 def new generation   total 9344K, used 9031K [0x05000000, 0x05a20000, 0x0a550000)
  eden space 8320K, 100% used [0x05000000, 0x05820000, 0x05820000)
  from space 1024K,  69% used [0x05920000, 0x059d1e98, 0x05a20000)
  to   space 1024K,   0% used [0x05820000, 0x05820000, 0x05920000)
 tenured generation   total 20652K, used 16471K [0x0a550000, 0x0b97b000, 0x15000000)
   the space 20652K,  79% used [0x0a550000, 0x0b565ce0, 0x0b565e00, 0x0b97b000)
 Metaspace       used 18485K, capacity 18686K, committed 18816K, reserved 18816K
Event: 5.996 GC heap after
Heap after GC invocations=63 (full 2):
 def new generation   total 9344K, used 746K [0x05000000, 0x05a20000, 0x0a550000)
  eden space 8320K,   0% used [0x05000000, 0x05000000, 0x05820000)
  from space 1024K,  72% used [0x05820000, 0x058daae8, 0x05920000)
  to   space 1024K,   0% used [0x05920000, 0x05920000, 0x05a20000)
 tenured generation   total 20652K, used 16800K [0x0a550000, 0x0b97b000, 0x15000000)
   the space 20652K,  81% used [0x0a550000, 0x0b5b8110, 0x0b5b8200, 0x0b97b000)
 Metaspace       used 18485K, capacity 18686K, committed 18816K, reserved 18816K
}
Event: 6.113 GC heap before
{Heap before GC invocations=63 (full 2):
 def new generation   total 9344K, used 9066K [0x05000000, 0x05a20000, 0x0a550000)
  eden space 8320K, 100% used [0x05000000, 0x05820000, 0x05820000)
  from space 1024K,  72% used [0x05820000, 0x058daae8, 0x05920000)
  to   space 1024K,   0% used [0x05920000, 0x05920000, 0x05a20000)
 tenured generation   total 20652K, used 16800K [0x0a550000, 0x0b97b000, 0x15000000)
   the space 20652K,  81% used [0x0a550000, 0x0b5b8110, 0x0b5b8200, 0x0b97b000)
 Metaspace       used 18537K, capacity 18721K, committed 18816K, reserved 18816K
Event: 6.118 GC heap after
Heap after GC invocations=64 (full 2):
 def new generation   total 9344K, used 770K [0x05000000, 0x05a20000, 0x0a550000)
  eden space 8320K,   0% used [0x05000000, 0x05000000, 0x05820000)
  from space 1024K,  75% used [0x05920000, 0x059e09a0, 0x05a20000)
  to   space 1024K,   0% used [0x05820000, 0x05820000, 0x05920000)
 tenured generation   total 20652K, used 17084K [0x0a550000, 0x0b97b000, 0x15000000)
   the space 20652K,  82% used [0x0a550000, 0x0b5ff260, 0x0b5ff400, 0x0b97b000)
 Metaspace       used 18537K, capacity 18721K, committed 18816K, reserved 18816K
}
Event: 6.345 GC heap before
{Heap before GC invocations=64 (full 2):
 def new generation   total 9344K, used 9090K [0x05000000, 0x05a20000, 0x0a550000)
  eden space 8320K, 100% used [0x05000000, 0x05820000, 0x05820000)
  from space 1024K,  75% used [0x05920000, 0x059e09a0, 0x05a20000)
  to   space 1024K,   0% used [0x05820000, 0x05820000, 0x05920000)
 tenured generation   total 20652K, used 17084K [0x0a550000, 0x0b97b000, 0x15000000)
   the space 20652K,  82% used [0x0a550000, 0x0b5ff260, 0x0b5ff400, 0x0b97b000)
 Metaspace       used 18563K, capacity 18785K, committed 18944K, reserved 19840K
Event: 6.349 GC heap after
Heap after GC invocations=65 (full 2):
 def new generation   total 9344K, used 632K [0x05000000, 0x05a20000, 0x0a550000)
  eden space 8320K,   0% used [0x05000000, 0x05000000, 0x05820000)
  from space 1024K,  61% used [0x05820000, 0x058be288, 0x05920000)
  to   space 1024K,   0% used [0x05920000, 0x05920000, 0x05a20000)
 tenured generation   total 20652K, used 17444K [0x0a550000, 0x0b97b000, 0x15000000)
   the space 20652K,  84% used [0x0a550000, 0x0b659048, 0x0b659200, 0x0b97b000)
 Metaspace       used 18563K, capacity 18785K, committed 18944K, reserved 19840K
}

